#
# There is insufficient memory for the Java Runtime Environment to continue.
# Native memory allocation (malloc) failed to allocate 976416 bytes for Chunk::new
# Possible reasons:
#   The system is out of physical RAM or swap space
#   The process is running with CompressedOops enabled, and the Java Heap may be blocking the growth of the native heap
# Possible solutions:
#   Reduce memory load on the system
#   Increase physical memory or swap space
#   Check if swap backing store is full
#   Decrease Java heap size (-Xmx/-Xms)
#   Decrease number of Java threads
#   Decrease Java thread stack sizes (-Xss)
#   Set larger code cache with -XX:ReservedCodeCacheSize=
#   JVM is running with Unscaled Compressed Oops mode in which the Java heap is
#     placed in the first 4GB address space. The Java Heap base address is the
#     maximum limit for the native heap growth. Please use -XX:HeapBaseMinAddress
#     to set the Java Heap base and to place the Java Heap above 4GB virtual address.
# This output file may be truncated or incomplete.
#
#  Out of Memory Error (allocation.cpp:389), pid=21216, tid=0x0000000000007d88
#
# JRE version: OpenJDK Runtime Environment (8.0) (build 1.8.0-25-microsoft-b00)
# Java VM: OpenJDK 64-Bit Server VM (25.71-b00 mixed mode windows-amd64 compressed oops)
# Failed to write core dump. Minidumps are not enabled by default on client versions of Windows
#

---------------  T H R E A D  ---------------

Current thread (0x00000000172ed800):  JavaThread "C2 CompilerThread1" daemon [_thread_in_native, id=32136, stack(0x0000000018a30000,0x0000000018b30000)]

Stack: [0x0000000018a30000,0x0000000018b30000]
[error occurred during error reporting (printing stack bounds), id 0xc0000005]

Native frames: (J=compiled Java code, j=interpreted, Vv=VM code, C=native code)


Current CompileTask:
C2:   4872 5720       4       com.android.tools.r8.ir.optimize.a0::a (583 bytes)


---------------  P R O C E S S  ---------------

Java Threads: ( => current thread )
  0x00000000194ed800 JavaThread "ForkJoinPool-1-worker-6" daemon [_thread_blocked, id=26696, stack(0x000000001ac00000,0x000000001ad00000)]
  0x00000000194ec800 JavaThread "ForkJoinPool-1-worker-5" daemon [_thread_blocked, id=20904, stack(0x000000001ab00000,0x000000001ac00000)]
  0x00000000194d3000 JavaThread "ForkJoinPool-1-worker-4" daemon [_thread_blocked, id=10464, stack(0x000000001aa00000,0x000000001ab00000)]
  0x00000000194d2800 JavaThread "ForkJoinPool-1-worker-3" daemon [_thread_blocked, id=11600, stack(0x000000001a900000,0x000000001aa00000)]
  0x0000000019061000 JavaThread "ForkJoinPool-1-worker-2" daemon [_thread_blocked, id=25016, stack(0x000000001a800000,0x000000001a900000)]
  0x0000000019060800 JavaThread "ForkJoinPool-1-worker-1" daemon [_thread_blocked, id=29284, stack(0x000000001a700000,0x000000001a800000)]
  0x000000001737a000 JavaThread "Service Thread" daemon [_thread_blocked, id=17464, stack(0x0000000018d30000,0x0000000018e30000)]
  0x0000000015c1d000 JavaThread "C1 CompilerThread3" daemon [_thread_blocked, id=17228, stack(0x0000000018c30000,0x0000000018d30000)]
  0x0000000015c1c000 JavaThread "C2 CompilerThread2" daemon [_thread_in_native, id=26528, stack(0x0000000018b30000,0x0000000018c30000)]
=>0x00000000172ed800 JavaThread "C2 CompilerThread1" daemon [_thread_in_native, id=32136, stack(0x0000000018a30000,0x0000000018b30000)]
  0x00000000172e6800 JavaThread "C2 CompilerThread0" daemon [_thread_in_native, id=22660, stack(0x0000000018930000,0x0000000018a30000)]
  0x00000000172e4800 JavaThread "Attach Listener" daemon [_thread_blocked, id=26088, stack(0x0000000018830000,0x0000000018930000)]
  0x00000000172e3800 JavaThread "Signal Dispatcher" daemon [_thread_blocked, id=32080, stack(0x0000000018730000,0x0000000018830000)]
  0x0000000002eec800 JavaThread "Finalizer" daemon [_thread_blocked, id=10392, stack(0x0000000018530000,0x0000000018630000)]
  0x00000000172d3000 JavaThread "Reference Handler" daemon [_thread_blocked, id=23448, stack(0x0000000018430000,0x0000000018530000)]
  0x0000000002cee800 JavaThread "main" [_thread_in_Java, id=17204, stack(0x0000000002cf0000,0x0000000002df0000)]

Other Threads:
  0x0000000015c05800 VMThread [stack: 0x0000000018330000,0x0000000018430000] [id=6744]
  0x000000001737a800 WatcherThread [stack: 0x0000000018e30000,0x0000000018f30000] [id=11468]

VM state:not at safepoint (normal execution)

VM Mutex/Monitor currently owned by a thread: None

heap address: 0x00000000c0000000, size: 1024 MB, Compressed Oops mode: 32-bit
Narrow klass base: 0x0000000000000000, Narrow klass shift: 3
Compressed class space size: 1073741824 Address: 0x0000000100000000

Heap:
 PSYoungGen      total 315904K, used 284121K [0x00000000eab00000, 0x0000000100000000, 0x0000000100000000)
  eden space 286720K, 90% used [0x00000000eab00000,0x00000000fa97a698,0x00000000fc300000)
  from space 29184K, 80% used [0x00000000fe380000,0x00000000ffa7c020,0x0000000100000000)
  to   space 31232K, 0% used [0x00000000fc300000,0x00000000fc300000,0x00000000fe180000)
 ParOldGen       total 86016K, used 61237K [0x00000000c0000000, 0x00000000c5400000, 0x00000000eab00000)
  object space 86016K, 71% used [0x00000000c0000000,0x00000000c3bcd488,0x00000000c5400000)
 Metaspace       used 18560K, capacity 19872K, committed 20608K, reserved 1067008K
  class space    used 2251K, capacity 2510K, committed 2688K, reserved 1048576K

Card table byte_map: [0x00000000122b0000,0x00000000124c0000] byte_map_base: 0x0000000011cb0000

Marking Bits: (ParMarkBitMap*) 0x0000000067d48f30
 Begin Bits: [0x0000000013020000, 0x0000000014020000)
 End Bits:   [0x0000000014020000, 0x0000000015020000)

Polling page: 0x0000000002b60000

CodeCache: size=245760Kb used=15676Kb max_used=17974Kb free=230083Kb
 bounds [0x0000000002ef0000, 0x00000000040b0000, 0x0000000011ef0000]
 total_blobs=5269 nmethods=4904 adapters=273
 compilation: enabled

Compilation events (10 events):
Event: 4.827 Thread 0x0000000015c1d000 6149       2       com.android.tools.r8.graph.l0$o::collectIndexedItems (40 bytes)
Event: 4.828 Thread 0x0000000015c1d000 nmethod 6149 0x00000000030c2110 code [0x00000000030c22a0, 0x00000000030c24e8]
Event: 4.830 Thread 0x0000000015c1d000 6150       2       com.android.tools.r8.code.T0::a (1 bytes)
Event: 4.830 Thread 0x0000000015c1d000 nmethod 6150 0x000000000315b290 code [0x000000000315b3e0, 0x000000000315b530]
Event: 4.832 Thread 0x0000000015c1d000 6151       2       com.android.tools.r8.code.c::a (1 bytes)
Event: 4.832 Thread 0x0000000015c1d000 nmethod 6151 0x000000000315af50 code [0x000000000315b0a0, 0x000000000315b1f0]
Event: 4.834 Thread 0x0000000015c1d000 6152 %     3       com.android.tools.r8.graph.Z0::d @ 15 (64 bytes)
Event: 4.835 Thread 0x0000000015c1d000 nmethod 6152% 0x0000000003eaaf90 code [0x0000000003eab1a0, 0x0000000003eabcb8]
Event: 4.852 Thread 0x0000000015c1d000 6154       1       com.android.tools.r8.code.f2::a (1 bytes)
Event: 4.852 Thread 0x0000000015c1d000 nmethod 6154 0x000000000315ac90 code [0x000000000315ade0, 0x000000000315aef0]

GC Heap History (10 events):
Event: 3.617 GC heap before
{Heap before GC invocations=17 (full 1):
 PSYoungGen      total 317440K, used 295616K [0x00000000eab00000, 0x00000000ffe80000, 0x0000000100000000)
  eden space 286720K, 100% used [0x00000000eab00000,0x00000000fc300000,0x00000000fc300000)
  from space 30720K, 28% used [0x00000000fc300000,0x00000000fcbb0000,0x00000000fe100000)
  to   space 29696K, 0% used [0x00000000fe180000,0x00000000fe180000,0x00000000ffe80000)
 ParOldGen       total 86016K, used 61229K [0x00000000c0000000, 0x00000000c5400000, 0x00000000eab00000)
  object space 86016K, 71% used [0x00000000c0000000,0x00000000c3bcb488,0x00000000c5400000)
 Metaspace       used 17204K, capacity 18168K, committed 19328K, reserved 1067008K
  class space    used 2075K, capacity 2312K, committed 2688K, reserved 1048576K
Event: 3.624 GC heap after
Heap after GC invocations=17 (full 1):
 PSYoungGen      total 314880K, used 11704K [0x00000000eab00000, 0x00000000ffb00000, 0x0000000100000000)
  eden space 288768K, 0% used [0x00000000eab00000,0x00000000eab00000,0x00000000fc500000)
  from space 26112K, 44% used [0x00000000fe180000,0x00000000fecee058,0x00000000ffb00000)
  to   space 27648K, 0% used [0x00000000fc500000,0x00000000fc500000,0x00000000fe000000)
 ParOldGen       total 86016K, used 61229K [0x00000000c0000000, 0x00000000c5400000, 0x00000000eab00000)
  object space 86016K, 71% used [0x00000000c0000000,0x00000000c3bcb488,0x00000000c5400000)
 Metaspace       used 17204K, capacity 18168K, committed 19328K, reserved 1067008K
  class space    used 2075K, capacity 2312K, committed 2688K, reserved 1048576K
}
Event: 3.794 GC heap before
{Heap before GC invocations=18 (full 1):
 PSYoungGen      total 314880K, used 300472K [0x00000000eab00000, 0x00000000ffb00000, 0x0000000100000000)
  eden space 288768K, 100% used [0x00000000eab00000,0x00000000fc500000,0x00000000fc500000)
  from space 26112K, 44% used [0x00000000fe180000,0x00000000fecee058,0x00000000ffb00000)
  to   space 27648K, 0% used [0x00000000fc500000,0x00000000fc500000,0x00000000fe000000)
 ParOldGen       total 86016K, used 61229K [0x00000000c0000000, 0x00000000c5400000, 0x00000000eab00000)
  object space 86016K, 71% used [0x00000000c0000000,0x00000000c3bcb488,0x00000000c5400000)
 Metaspace       used 17217K, capacity 18168K, committed 19328K, reserved 1067008K
  class space    used 2076K, capacity 2312K, committed 2688K, reserved 1048576K
Event: 3.801 GC heap after
Heap after GC invocations=18 (full 1):
 PSYoungGen      total 316416K, used 14608K [0x00000000eab00000, 0x0000000100000000, 0x0000000100000000)
  eden space 288768K, 0% used [0x00000000eab00000,0x00000000eab00000,0x00000000fc500000)
  from space 27648K, 52% used [0x00000000fc500000,0x00000000fd344020,0x00000000fe000000)
  to   space 27136K, 0% used [0x00000000fe580000,0x00000000fe580000,0x0000000100000000)
 ParOldGen       total 86016K, used 61229K [0x00000000c0000000, 0x00000000c5400000, 0x00000000eab00000)
  object space 86016K, 71% used [0x00000000c0000000,0x00000000c3bcb488,0x00000000c5400000)
 Metaspace       used 17217K, capacity 18168K, committed 19328K, reserved 1067008K
  class space    used 2076K, capacity 2312K, committed 2688K, reserved 1048576K
}
Event: 3.967 GC heap before
{Heap before GC invocations=19 (full 1):
 PSYoungGen      total 316416K, used 303376K [0x00000000eab00000, 0x0000000100000000, 0x0000000100000000)
  eden space 288768K, 100% used [0x00000000eab00000,0x00000000fc500000,0x00000000fc500000)
  from space 27648K, 52% used [0x00000000fc500000,0x00000000fd344020,0x00000000fe000000)
  to   space 27136K, 0% used [0x00000000fe580000,0x00000000fe580000,0x0000000100000000)
 ParOldGen       total 86016K, used 61229K [0x00000000c0000000, 0x00000000c5400000, 0x00000000eab00000)
  object space 86016K, 71% used [0x00000000c0000000,0x00000000c3bcb488,0x00000000c5400000)
 Metaspace       used 17227K, capacity 18232K, committed 19328K, reserved 1067008K
  class space    used 2076K, capacity 2312K, committed 2688K, reserved 1048576K
Event: 3.975 GC heap after
Heap after GC invocations=19 (full 1):
 PSYoungGen      total 321024K, used 17584K [0x00000000eab00000, 0x0000000100000000, 0x0000000100000000)
  eden space 293888K, 0% used [0x00000000eab00000,0x00000000eab00000,0x00000000fca00000)
  from space 27136K, 64% used [0x00000000fe580000,0x00000000ff6ac020,0x0000000100000000)
  to   space 27648K, 0% used [0x00000000fca00000,0x00000000fca00000,0x00000000fe500000)
 ParOldGen       total 86016K, used 61229K [0x00000000c0000000, 0x00000000c5400000, 0x00000000eab00000)
  object space 86016K, 71% used [0x00000000c0000000,0x00000000c3bcb488,0x00000000c5400000)
 Metaspace       used 17227K, capacity 18232K, committed 19328K, reserved 1067008K
  class space    used 2076K, capacity 2312K, committed 2688K, reserved 1048576K
}
Event: 4.157 GC heap before
{Heap before GC invocations=20 (full 1):
 PSYoungGen      total 321024K, used 311472K [0x00000000eab00000, 0x0000000100000000, 0x0000000100000000)
  eden space 293888K, 100% used [0x00000000eab00000,0x00000000fca00000,0x00000000fca00000)
  from space 27136K, 64% used [0x00000000fe580000,0x00000000ff6ac020,0x0000000100000000)
  to   space 27648K, 0% used [0x00000000fca00000,0x00000000fca00000,0x00000000fe500000)
 ParOldGen       total 86016K, used 61229K [0x00000000c0000000, 0x00000000c5400000, 0x00000000eab00000)
  object space 86016K, 71% used [0x00000000c0000000,0x00000000c3bcb488,0x00000000c5400000)
 Metaspace       used 17245K, capacity 18232K, committed 19328K, reserved 1067008K
  class space    used 2076K, capacity 2312K, committed 2688K, reserved 1048576K
Event: 4.167 GC heap after
Heap after GC invocations=20 (full 1):
 PSYoungGen      total 314880K, used 20736K [0x00000000eab00000, 0x0000000100000000, 0x0000000100000000)
  eden space 293888K, 0% used [0x00000000eab00000,0x00000000eab00000,0x00000000fca00000)
  from space 20992K, 98% used [0x00000000fca00000,0x00000000fde40010,0x00000000fde80000)
  to   space 29184K, 0% used [0x00000000fe380000,0x00000000fe380000,0x0000000100000000)
 ParOldGen       total 86016K, used 61229K [0x00000000c0000000, 0x00000000c5400000, 0x00000000eab00000)
  object space 86016K, 71% used [0x00000000c0000000,0x00000000c3bcb488,0x00000000c5400000)
 Metaspace       used 17245K, capacity 18232K, committed 19328K, reserved 1067008K
  class space    used 2076K, capacity 2312K, committed 2688K, reserved 1048576K
}
Event: 4.339 GC heap before
{Heap before GC invocations=21 (full 1):
 PSYoungGen      total 314880K, used 314624K [0x00000000eab00000, 0x0000000100000000, 0x0000000100000000)
  eden space 293888K, 100% used [0x00000000eab00000,0x00000000fca00000,0x00000000fca00000)
  from space 20992K, 98% used [0x00000000fca00000,0x00000000fde40010,0x00000000fde80000)
  to   space 29184K, 0% used [0x00000000fe380000,0x00000000fe380000,0x0000000100000000)
 ParOldGen       total 86016K, used 61229K [0x00000000c0000000, 0x00000000c5400000, 0x00000000eab00000)
  object space 86016K, 71% used [0x00000000c0000000,0x00000000c3bcb488,0x00000000c5400000)
 Metaspace       used 17256K, capacity 18232K, committed 19328K, reserved 1067008K
  class space    used 2076K, capacity 2312K, committed 2688K, reserved 1048576K
Event: 4.353 GC heap after
Heap after GC invocations=21 (full 1):
 PSYoungGen      total 315904K, used 23536K [0x00000000eab00000, 0x0000000100000000, 0x0000000100000000)
  eden space 286720K, 0% used [0x00000000eab00000,0x00000000eab00000,0x00000000fc300000)
  from space 29184K, 80% used [0x00000000fe380000,0x00000000ffa7c020,0x0000000100000000)
  to   space 31232K, 0% used [0x00000000fc300000,0x00000000fc300000,0x00000000fe180000)
 ParOldGen       total 86016K, used 61237K [0x00000000c0000000, 0x00000000c5400000, 0x00000000eab00000)
  object space 86016K, 71% used [0x00000000c0000000,0x00000000c3bcd488,0x00000000c5400000)
 Metaspace       used 17256K, capacity 18232K, committed 19328K, reserved 1067008K
  class space    used 2076K, capacity 2312K, committed 2688K, reserved 1048576K
}

Deoptimization events (10 events):
Event: 4.570 Thread 0x0000000002cee800 Uncommon trap: reason=unstable_if action=reinterpret pc=0x0000000003220118 method=java.util.HashMap.tableSizeFor(I)I @ 37
Event: 4.570 Thread 0x0000000002cee800 Uncommon trap: reason=unstable_if action=reinterpret pc=0x0000000003220468 method=java.util.HashMap.tableSizeFor(I)I @ 37
Event: 4.635 Thread 0x0000000002cee800 Uncommon trap: reason=class_check action=maybe_recompile pc=0x0000000003733814 method=java.util.Collections$SetFromMap.contains(Ljava/lang/Object;)Z @ 5
Event: 4.635 Thread 0x0000000002cee800 Uncommon trap: reason=class_check action=maybe_recompile pc=0x0000000003655b2c method=java.util.Collections$UnmodifiableList.get(I)Ljava/lang/Object; @ 5
Event: 4.635 Thread 0x0000000002cee800 Uncommon trap: reason=class_check action=maybe_recompile pc=0x0000000003655b2c method=java.util.Collections$UnmodifiableList.get(I)Ljava/lang/Object; @ 5
Event: 4.635 Thread 0x0000000002cee800 Uncommon trap: reason=class_check action=maybe_recompile pc=0x000000000300b4a4 method=java.util.concurrent.ConcurrentHashMap.get(Ljava/lang/Object;)Ljava/lang/Object; @ 149
Event: 4.636 Thread 0x0000000002cee800 Uncommon trap: reason=class_check action=maybe_recompile pc=0x0000000003655b2c method=java.util.Collections$UnmodifiableList.get(I)Ljava/lang/Object; @ 5
Event: 4.637 Thread 0x0000000002cee800 Uncommon trap: reason=class_check action=maybe_recompile pc=0x0000000003655b2c method=java.util.Collections$UnmodifiableList.get(I)Ljava/lang/Object; @ 5
Event: 4.637 Thread 0x0000000002cee800 Uncommon trap: reason=unstable_if action=reinterpret pc=0x000000000350e164 method=sun.misc.MetaIndex.mayContain(Ljava/lang/String;)Z @ 38
Event: 4.638 Thread 0x0000000002cee800 Uncommon trap: reason=unstable_if action=reinterpret pc=0x0000000003061ec0 method=java.lang.ref.SoftReference.get()Ljava/lang/Object; @ 17

Classes redefined (0 events):
No events

Internal exceptions (10 events):
Event: 1.290 Thread 0x00000000194d2800 Exception <a 'java/lang/NoSuchMethodError': java.lang.Object.lambda$comparingInt$7b0bb60$1(Ljava/util/function/ToIntFunction;Ljava/lang/Object;Ljava/lang/Object;)I> (0x00000000ee7780e0) thrown at [D:\j\worksp~1\openjd~3\jdk8u\hotspot\src\share\vm\interpre
Event: 1.290 Thread 0x00000000194ec800 Exception <a 'java/lang/NoSuchMethodError': java.lang.Object.lambda$comparingInt$7b0bb60$1(Ljava/util/function/ToIntFunction;Ljava/lang/Object;Ljava/lang/Object;)I> (0x00000000ee71c9a8) thrown at [D:\j\worksp~1\openjd~3\jdk8u\hotspot\src\share\vm\interpre
Event: 1.290 Thread 0x00000000194ed800 Exception <a 'java/lang/NoSuchMethodError': java.lang.Object.lambda$comparingInt$7b0bb60$1(Ljava/util/function/ToIntFunction;Ljava/lang/Object;Ljava/lang/Object;)I> (0x00000000ee632720) thrown at [D:\j\worksp~1\openjd~3\jdk8u\hotspot\src\share\vm\interpre
Event: 1.291 Thread 0x0000000019060800 Exception <a 'java/lang/NoSuchMethodError': java.lang.Object.lambda$maxBy$1(Ljava/util/Comparator;Ljava/lang/Object;Ljava/lang/Object;)Ljava/lang/Object;> (0x00000000ee8884a0) thrown at [D:\j\worksp~1\openjd~3\jdk8u\hotspot\src\share\vm\interpreter\linkRe
Event: 1.291 Thread 0x00000000194d2800 Exception <a 'java/lang/NoSuchMethodError': java.lang.Object.lambda$maxBy$1(Ljava/util/Comparator;Ljava/lang/Object;Ljava/lang/Object;)Ljava/lang/Object;> (0x00000000ee7828c0) thrown at [D:\j\worksp~1\openjd~3\jdk8u\hotspot\src\share\vm\interpreter\linkRe
Event: 1.291 Thread 0x00000000194ec800 Exception <a 'java/lang/NoSuchMethodError': java.lang.Object.lambda$maxBy$1(Ljava/util/Comparator;Ljava/lang/Object;Ljava/lang/Object;)Ljava/lang/Object;> (0x00000000ee7279d8) thrown at [D:\j\worksp~1\openjd~3\jdk8u\hotspot\src\share\vm\interpreter\linkRe
Event: 1.291 Thread 0x0000000019061000 Exception <a 'java/lang/NoSuchMethodError': java.lang.Object.lambda$maxBy$1(Ljava/util/Comparator;Ljava/lang/Object;Ljava/lang/Object;)Ljava/lang/Object;> (0x00000000ee4cdaa0) thrown at [D:\j\worksp~1\openjd~3\jdk8u\hotspot\src\share\vm\interpreter\linkRe
Event: 1.291 Thread 0x00000000194ed800 Exception <a 'java/lang/NoSuchMethodError': java.lang.Object.lambda$maxBy$1(Ljava/util/Comparator;Ljava/lang/Object;Ljava/lang/Object;)Ljava/lang/Object;> (0x00000000ee63d388) thrown at [D:\j\worksp~1\openjd~3\jdk8u\hotspot\src\share\vm\interpreter\linkRe
Event: 2.502 Thread 0x00000000194ed800 Implicit null exception at 0x0000000003ce7438 to 0x0000000003ceb969
Event: 4.621 Thread 0x0000000002cee800 Exception <a 'java/lang/NoSuchMethodError': java.lang.Object.lambda$comparing$77a9974f$1(Ljava/util/function/Function;Ljava/lang/Object;Ljava/lang/Object;)I> (0x00000000f890b6a0) thrown at [D:\j\worksp~1\openjd~3\jdk8u\hotspot\src\share\vm\interpreter\lin

Events (10 events):
Event: 4.706 loading class java/util/stream/Node$OfDouble done
Event: 4.706 loading class java/util/stream/Nodes$EmptyNode$OfDouble done
Event: 4.707 loading class java/util/stream/Nodes$SpinedNodeBuilder
Event: 4.707 loading class java/util/stream/Node$Builder
Event: 4.707 loading class java/util/stream/Node$Builder done
Event: 4.707 loading class java/util/stream/Nodes$SpinedNodeBuilder done
Event: 4.707 Executing VM operation: Deoptimize
Event: 4.708 Executing VM operation: Deoptimize done
Event: 4.708 loading class com/android/tools/r8/graph/J$h
Event: 4.708 loading class com/android/tools/r8/graph/J$h done


Dynamic libraries:
0x00007ff658720000 - 0x00007ff658755000 	C:\Program Files\Android\Jdk\microsoft_dist_openjdk_1.8.0.25\bin\java.exe
0x00007ffa00e90000 - 0x00007ffa01085000 	C:\Windows\SYSTEM32\ntdll.dll
0x00007ff9f16d0000 - 0x00007ff9f16e5000 	C:\Program Files\Avast Software\Avast\aswhook.dll
0x00007ff9ff0e0000 - 0x00007ff9ff19e000 	C:\Windows\System32\KERNEL32.DLL
0x00007ff9fe760000 - 0x00007ff9fea29000 	C:\Windows\System32\KERNELBASE.dll
0x00007ff9ff010000 - 0x00007ff9ff0bc000 	C:\Windows\System32\ADVAPI32.dll
0x00007ff9feee0000 - 0x00007ff9fef7e000 	C:\Windows\System32\msvcrt.dll
0x00007ff9ff490000 - 0x00007ff9ff52b000 	C:\Windows\System32\sechost.dll
0x00007ff9ff660000 - 0x00007ff9ff78a000 	C:\Windows\System32\RPCRT4.dll
0x00007ffa007f0000 - 0x00007ffa00991000 	C:\Windows\System32\USER32.dll
0x00007ff9feca0000 - 0x00007ff9fecc2000 	C:\Windows\System32\win32u.dll
0x00007ffa009a0000 - 0x00007ffa009cb000 	C:\Windows\System32\GDI32.dll
0x00007ff9fedd0000 - 0x00007ff9feedb000 	C:\Windows\System32\gdi32full.dll
0x00007ff9fea30000 - 0x00007ff9feacd000 	C:\Windows\System32\msvcp_win.dll
0x00007ff9fecd0000 - 0x00007ff9fedd0000 	C:\Windows\System32\ucrtbase.dll
0x00007ff9e2550000 - 0x00007ff9e27ea000 	C:\Windows\WinSxS\amd64_microsoft.windows.common-controls_6595b64144ccf1df_6.0.19041.1110_none_60b5254171f9507e\COMCTL32.dll
0x00007ff9ff790000 - 0x00007ff9ff7c0000 	C:\Windows\System32\IMM32.DLL
0x0000000067dd0000 - 0x0000000067ea1000 	C:\Program Files\Android\Jdk\microsoft_dist_openjdk_1.8.0.25\jre\bin\msvcr100.dll
0x0000000067580000 - 0x0000000067dc5000 	C:\Program Files\Android\Jdk\microsoft_dist_openjdk_1.8.0.25\jre\bin\server\jvm.dll
0x00007ffa00630000 - 0x00007ffa00638000 	C:\Windows\System32\PSAPI.DLL
0x00007ff9ef590000 - 0x00007ff9ef599000 	C:\Windows\SYSTEM32\WSOCK32.dll
0x00007ff9ce060000 - 0x00007ff9ce087000 	C:\Windows\SYSTEM32\WINMM.dll
0x00007ff9f1930000 - 0x00007ff9f193a000 	C:\Windows\SYSTEM32\VERSION.dll
0x00007ffa004e0000 - 0x00007ffa0054b000 	C:\Windows\System32\WS2_32.dll
0x00007ff9fb950000 - 0x00007ff9fb95f000 	C:\Program Files\Android\Jdk\microsoft_dist_openjdk_1.8.0.25\jre\bin\verify.dll
0x00007ff9f1bc0000 - 0x00007ff9f1be9000 	C:\Program Files\Android\Jdk\microsoft_dist_openjdk_1.8.0.25\jre\bin\java.dll
0x00007ff9f3a60000 - 0x00007ff9f3a76000 	C:\Program Files\Android\Jdk\microsoft_dist_openjdk_1.8.0.25\jre\bin\zip.dll
0x00007ff9ffd40000 - 0x00007ffa0047f000 	C:\Windows\System32\SHELL32.dll
0x00007ff9fc650000 - 0x00007ff9fcde0000 	C:\Windows\SYSTEM32\windows.storage.dll
0x00007ff9ff820000 - 0x00007ff9ffb75000 	C:\Windows\System32\combase.dll
0x00007ff9fdf30000 - 0x00007ff9fdf5c000 	C:\Windows\SYSTEM32\Wldp.dll
0x00007ff9ff1a0000 - 0x00007ff9ff24e000 	C:\Windows\System32\SHCORE.dll
0x00007ffa00480000 - 0x00007ffa004d5000 	C:\Windows\System32\shlwapi.dll
0x00007ff9fe4f0000 - 0x00007ff9fe50f000 	C:\Windows\SYSTEM32\profapi.dll
0x00007ff9ebc80000 - 0x00007ff9ebc9a000 	C:\Program Files\Android\jdk\microsoft_dist_openjdk_1.8.0.25\jre\bin\net.dll
0x00007ff9fdc90000 - 0x00007ff9fdcfa000 	C:\Windows\system32\mswsock.dll
0x00007ff9eb800000 - 0x00007ff9eb811000 	C:\Program Files\Android\jdk\microsoft_dist_openjdk_1.8.0.25\jre\bin\nio.dll

VM Arguments:
jvm_args: -Xmx1G 
java_command: com.android.tools.r8.D8 --debug --min-api 21 --output obj\Debug\110\android\bin\ --lib C:\Program Files (x86)\Android\android-sdk\platforms\android-30\android.jar obj\Debug\110\android\bin\classes.zip C:\Program Files (x86)\Microsoft Visual Studio\2019\Community\Common7\IDE\ReferenceAssemblies\Microsoft\Framework\MonoAndroid\v11.0\mono.android.jar C:\Program Files (x86)\Microsoft Visual Studio\2019\Community\MSBuild\Xamarin\Android\\java_runtime.jar C:\Program Files (x86)\Microsoft\Xamarin\NuGet\xamarin.google.guava.listenablefuture\1.0.0.2\buildTransitive\monoandroid50\guava-listenablefuture.jar C:\Users\lucas\.nuget\packages\xamarin.androidx.annotation\1.1.0.9\buildTransitive\monoandroid9.0\..\..\jar\androidx.annotation.annotation.jar C:\Users\lucas\.nuget\packages\xamarin.androidx.collection\1.1.0.7\buildTransitive\monoandroid9.0\..\..\jar\androidx.collection.collection.jar C:\Users\lucas\.nuget\packages\xamarin.androidx.lifecycle.common\2.3.0.1\buildTransitive\monoandroid9.0\..\..\jar\androidx.lifecycle.lifecycle-common.jar C:\Users\lucas\.nuget\packages\xamarin.androidx.arch.core.common\2.1.0.8\buildTransitive\monoandroid9.0\..\..\jar\androidx.arch.core.core-common.jar obj\Debug\110\lp\0\jl\formsviewgroup.jar obj\Debug\110\lp\50\jl\classes.jar obj\Debug\110\lp\51\jl\classes.jar obj\Debug\110\lp\52\jl\classes.jar obj\Debug\110\lp\53\jl\classes.jar obj\Debug\110\lp\54\jl\classes.jar obj\Debug\110\lp\55\jl\classes.jar obj\Debug\110\lp\56\jl\classes.jar obj\Debug\110\lp\57\jl\classes.jar obj\Debug\110\lp\58\jl\classes.jar obj\Debug\110\lp\59\jl\classes.jar obj\Debug\110\lp\60\jl\classes.jar obj\Debug\110\lp\61\jl\classes.jar obj\Debug\110\lp\62\jl\classes.jar obj\Debug\110\lp\63\jl\classes.jar obj\Debug\110\lp\64\jl\classes.jar obj\Debug\110\lp\65\jl\classes.jar obj\Debug\110\lp\66\jl\classes.jar obj\Debug\110\lp\67\jl\classes.jar obj\Debug\110\lp\68\jl\classes.jar obj\Debug\110\lp\69\jl\classes.jar obj\Debug\110\lp\70\jl\classes.jar obj\Debug\110\l
java_class_path (initial): C:\Program Files (x86)\Microsoft Visual Studio\2019\Community\MSBuild\Xamarin\Android\r8.jar
Launcher Type: SUN_STANDARD

Environment Variables:
PATH=C:\Program Files\Android\Jdk\microsoft_dist_openjdk_1.8.0.25\bin;C:\Windows\system32;C:\Windows;C:\Windows\System32\Wbem;C:\Windows\System32\WindowsPowerShell\v1.0\;C:\Windows\System32\OpenSSH\;C:\Program Files\dotnet\;C:\Program Files\Microsoft SQL Server\130\Tools\Binn\;C:\Program Files\Microsoft SQL Server\Client SDK\ODBC\170\Tools\Binn\;C:\Program Files\Git\cmd;C:\Python395;C:\Python395\Scripts;C:\Program Files\Polyspace\R2020a\runtime\win64;C:\Program Files\Polyspace\R2020a\bin;C:\Program Files\Polyspace\R2020a\polyspace\bin;C:\Users\lucas\AppData\Local\Microsoft\WindowsApps;C:\Users\lucas\AppData\Local\Programs\Microsoft VS Code\bin;C:\Users\lucas\AppData\Local\atom\bin;C:\Users\lucas\.dotnet\tools
USERNAME=lucas
OS=Windows_NT
PROCESSOR_IDENTIFIER=Intel64 Family 6 Model 165 Stepping 2, GenuineIntel



---------------  S Y S T E M  ---------------

OS: Windows 10.0 , 64 bit Build 19041 (10.0.19041.1202)

CPU:total 12 (initial active 12) (6 cores per cpu, 2 threads per core) family 6 model 165 stepping 2, cmov, cx8, fxsr, mmx, sse, sse2, sse3, ssse3, sse4.1, sse4.2, popcnt, avx, avx2, aes, clmul, erms, 3dnowpref, lzcnt, ht, tsc, tscinvbit, bmi1, bmi2, adx

Memory: 4k page, physical 8177348k(438700k free), swap 33343172k(5676k free)

vm_info: OpenJDK 64-Bit Server VM (25.71-b00) for windows-amd64 JRE (1.8.0-25-microsoft-b00), built on Feb  7 2019 20:09:14 by "builder" with MS VC++ 10.0 (VS2010)

time: Tue Oct 12 16:58:36 2021
timezone: FLE Daylight Time
elapsed time: 4 seconds (0d 0h 0m 4s)

